Determining if the CL_VERSION_2_0 exist failed with the following output:
Change Dir: /home/om/MS/Sem2/EE5531/labs/lab05/hydra/catkin_ws/src/libfreenect2/build/CMakeFiles/CMakeTmp

Run Build Command:/usr/bin/make "cmTryCompileExec561318052/fast"
/usr/bin/make -f CMakeFiles/cmTryCompileExec561318052.dir/build.make CMakeFiles/cmTryCompileExec561318052.dir/build
make[1]: Entering directory `/home/om/MS/Sem2/EE5531/labs/lab05/hydra/catkin_ws/src/libfreenect2/build/CMakeFiles/CMakeTmp'
/usr/bin/cmake -E cmake_progress_report /home/om/MS/Sem2/EE5531/labs/lab05/hydra/catkin_ws/src/libfreenect2/build/CMakeFiles/CMakeTmp/CMakeFiles 1
Building C object CMakeFiles/cmTryCompileExec561318052.dir/CheckSymbolExists.c.o
/usr/bin/cc    -o CMakeFiles/cmTryCompileExec561318052.dir/CheckSymbolExists.c.o   -c /home/om/MS/Sem2/EE5531/labs/lab05/hydra/catkin_ws/src/libfreenect2/build/CMakeFiles/CMakeTmp/CheckSymbolExists.c
/home/om/MS/Sem2/EE5531/labs/lab05/hydra/catkin_ws/src/libfreenect2/build/CMakeFiles/CMakeTmp/CheckSymbolExists.c: In function ‘main’:
/home/om/MS/Sem2/EE5531/labs/lab05/hydra/catkin_ws/src/libfreenect2/build/CMakeFiles/CMakeTmp/CheckSymbolExists.c:8:19: error: ‘CL_VERSION_2_0’ undeclared (first use in this function)
   return ((int*)(&CL_VERSION_2_0))[argc];
                   ^
/home/om/MS/Sem2/EE5531/labs/lab05/hydra/catkin_ws/src/libfreenect2/build/CMakeFiles/CMakeTmp/CheckSymbolExists.c:8:19: note: each undeclared identifier is reported only once for each function it appears in
make[1]: *** [CMakeFiles/cmTryCompileExec561318052.dir/CheckSymbolExists.c.o] Error 1
make[1]: Leaving directory `/home/om/MS/Sem2/EE5531/labs/lab05/hydra/catkin_ws/src/libfreenect2/build/CMakeFiles/CMakeTmp'
make: *** [cmTryCompileExec561318052/fast] Error 2

File /home/om/MS/Sem2/EE5531/labs/lab05/hydra/catkin_ws/src/libfreenect2/build/CMakeFiles/CMakeTmp/CheckSymbolExists.c:
/* */
#include </usr/include/CL/cl.h>

int main(int argc, char** argv)
{
  (void)argv;
#ifndef CL_VERSION_2_0
  return ((int*)(&CL_VERSION_2_0))[argc];
#else
  (void)argc;
  return 0;
#endif
}

